12:55:03.707 [info] Child {LoggerFileBackend, :general_log} of Supervisor Logger.Backends.Supervisor started
Pid: #PID<0.119.0>
Start Call: Logger.Backends.Watcher.start_link({{LoggerFileBackend, :general_log}, {LoggerFileBackend, :general_log}})
Restart: :transient
Shutdown: 5000
Type: :worker
12:55:03.707 [info] Child Logger.Backends.Supervisor of Supervisor Logger.Backends.Internal started
Pid: #PID<0.118.0>
Start Call: Logger.Backends.Supervisor.start_link([{LoggerFileBackend, :general_log}])
Restart: :permanent
Shutdown: :infinity
Type: :supervisor
12:55:03.707 [info] Child Logger.Backends.Internal of Supervisor Logger.Supervisor started
Pid: #PID<0.114.0>
Start Call: Logger.Backends.Internal.start_link([])
Restart: :permanent
Shutdown: :infinity
Type: :supervisor
12:55:03.707 [info] Application logger started at :nonode@nohost
12:55:04.839 [error] FATAL: Lexical is not compatible with Elixir 1.16.0

Lexical is compatible with the following versions of Elixir:

  >= 1.13.0
  >= 1.14.0
  >= 1.15.3

12:55:05.488 [info] Child {LoggerFileBackend, :general_log} of Supervisor Logger.Backends.Supervisor started
Pid: #PID<0.119.0>
Start Call: Logger.Backends.Watcher.start_link({{LoggerFileBackend, :general_log}, {LoggerFileBackend, :general_log}})
Restart: :transient
Shutdown: 5000
Type: :worker
12:55:05.488 [info] Child Logger.Backends.Supervisor of Supervisor Logger.Backends.Internal started
Pid: #PID<0.118.0>
Start Call: Logger.Backends.Supervisor.start_link([{LoggerFileBackend, :general_log}])
Restart: :permanent
Shutdown: :infinity
Type: :supervisor
12:55:05.488 [info] Child Logger.Backends.Internal of Supervisor Logger.Supervisor started
Pid: #PID<0.114.0>
Start Call: Logger.Backends.Internal.start_link([])
Restart: :permanent
Shutdown: :infinity
Type: :supervisor
12:55:05.488 [info] Application logger started at :nonode@nohost
12:55:06.625 [error] FATAL: Lexical is not compatible with Elixir 1.16.0

Lexical is compatible with the following versions of Elixir:

  >= 1.13.0
  >= 1.14.0
  >= 1.15.3

12:55:07.257 [info] Child {LoggerFileBackend, :general_log} of Supervisor Logger.Backends.Supervisor started
Pid: #PID<0.119.0>
Start Call: Logger.Backends.Watcher.start_link({{LoggerFileBackend, :general_log}, {LoggerFileBackend, :general_log}})
Restart: :transient
Shutdown: 5000
Type: :worker
12:55:07.257 [info] Child Logger.Backends.Supervisor of Supervisor Logger.Backends.Internal started
Pid: #PID<0.118.0>
Start Call: Logger.Backends.Supervisor.start_link([{LoggerFileBackend, :general_log}])
Restart: :permanent
Shutdown: :infinity
Type: :supervisor
12:55:07.257 [info] Child Logger.Backends.Internal of Supervisor Logger.Supervisor started
Pid: #PID<0.114.0>
Start Call: Logger.Backends.Internal.start_link([])
Restart: :permanent
Shutdown: :infinity
Type: :supervisor
12:55:07.257 [info] Application logger started at :nonode@nohost
12:55:08.401 [error] FATAL: Lexical is not compatible with Elixir 1.16.0

Lexical is compatible with the following versions of Elixir:

  >= 1.13.0
  >= 1.14.0
  >= 1.15.3

12:55:09.029 [info] Child {LoggerFileBackend, :general_log} of Supervisor Logger.Backends.Supervisor started
Pid: #PID<0.119.0>
Start Call: Logger.Backends.Watcher.start_link({{LoggerFileBackend, :general_log}, {LoggerFileBackend, :general_log}})
Restart: :transient
Shutdown: 5000
Type: :worker
12:55:09.029 [info] Child Logger.Backends.Supervisor of Supervisor Logger.Backends.Internal started
Pid: #PID<0.118.0>
Start Call: Logger.Backends.Supervisor.start_link([{LoggerFileBackend, :general_log}])
Restart: :permanent
Shutdown: :infinity
Type: :supervisor
12:55:09.029 [info] Child Logger.Backends.Internal of Supervisor Logger.Supervisor started
Pid: #PID<0.114.0>
Start Call: Logger.Backends.Internal.start_link([])
Restart: :permanent
Shutdown: :infinity
Type: :supervisor
12:55:09.029 [info] Application logger started at :nonode@nohost
12:55:10.143 [error] FATAL: Lexical is not compatible with Elixir 1.16.0

Lexical is compatible with the following versions of Elixir:

  >= 1.13.0
  >= 1.14.0
  >= 1.15.3

12:55:10.770 [info] Child {LoggerFileBackend, :general_log} of Supervisor Logger.Backends.Supervisor started
Pid: #PID<0.119.0>
Start Call: Logger.Backends.Watcher.start_link({{LoggerFileBackend, :general_log}, {LoggerFileBackend, :general_log}})
Restart: :transient
Shutdown: 5000
Type: :worker
12:55:10.770 [info] Child Logger.Backends.Supervisor of Supervisor Logger.Backends.Internal started
Pid: #PID<0.118.0>
Start Call: Logger.Backends.Supervisor.start_link([{LoggerFileBackend, :general_log}])
Restart: :permanent
Shutdown: :infinity
Type: :supervisor
12:55:10.770 [info] Child Logger.Backends.Internal of Supervisor Logger.Supervisor started
Pid: #PID<0.114.0>
Start Call: Logger.Backends.Internal.start_link([])
Restart: :permanent
Shutdown: :infinity
Type: :supervisor
12:55:10.770 [info] Application logger started at :nonode@nohost
12:55:11.889 [error] FATAL: Lexical is not compatible with Elixir 1.16.0

Lexical is compatible with the following versions of Elixir:

  >= 1.13.0
  >= 1.14.0
  >= 1.15.3

18:33:23.670 [info] Child {LoggerFileBackend, :general_log} of Supervisor Logger.Backends.Supervisor started
Pid: #PID<0.119.0>
Start Call: Logger.Backends.Watcher.start_link({{LoggerFileBackend, :general_log}, {LoggerFileBackend, :general_log}})
Restart: :transient
Shutdown: 5000
Type: :worker
18:33:23.670 [info] Child Logger.Backends.Supervisor of Supervisor Logger.Backends.Internal started
Pid: #PID<0.118.0>
Start Call: Logger.Backends.Supervisor.start_link([{LoggerFileBackend, :general_log}])
Restart: :permanent
Shutdown: :infinity
Type: :supervisor
18:33:23.670 [info] Child Logger.Backends.Internal of Supervisor Logger.Supervisor started
Pid: #PID<0.114.0>
Start Call: Logger.Backends.Internal.start_link([])
Restart: :permanent
Shutdown: :infinity
Type: :supervisor
18:33:23.670 [info] Application logger started at :nonode@nohost
18:33:25.192 [error] FATAL: Lexical is not compatible with Elixir 1.16.0

Lexical is compatible with the following versions of Elixir:

  >= 1.13.0
  >= 1.14.0
  >= 1.15.3

18:33:25.846 [info] Child {LoggerFileBackend, :general_log} of Supervisor Logger.Backends.Supervisor started
Pid: #PID<0.119.0>
Start Call: Logger.Backends.Watcher.start_link({{LoggerFileBackend, :general_log}, {LoggerFileBackend, :general_log}})
Restart: :transient
Shutdown: 5000
Type: :worker
18:33:25.846 [info] Child Logger.Backends.Supervisor of Supervisor Logger.Backends.Internal started
Pid: #PID<0.118.0>
Start Call: Logger.Backends.Supervisor.start_link([{LoggerFileBackend, :general_log}])
Restart: :permanent
Shutdown: :infinity
Type: :supervisor
18:33:25.846 [info] Child Logger.Backends.Internal of Supervisor Logger.Supervisor started
Pid: #PID<0.114.0>
Start Call: Logger.Backends.Internal.start_link([])
Restart: :permanent
Shutdown: :infinity
Type: :supervisor
18:33:25.847 [info] Application logger started at :nonode@nohost
18:33:26.971 [error] FATAL: Lexical is not compatible with Elixir 1.16.0

Lexical is compatible with the following versions of Elixir:

  >= 1.13.0
  >= 1.14.0
  >= 1.15.3

18:33:27.592 [info] Child {LoggerFileBackend, :general_log} of Supervisor Logger.Backends.Supervisor started
Pid: #PID<0.119.0>
Start Call: Logger.Backends.Watcher.start_link({{LoggerFileBackend, :general_log}, {LoggerFileBackend, :general_log}})
Restart: :transient
Shutdown: 5000
Type: :worker
18:33:27.592 [info] Child Logger.Backends.Supervisor of Supervisor Logger.Backends.Internal started
Pid: #PID<0.118.0>
Start Call: Logger.Backends.Supervisor.start_link([{LoggerFileBackend, :general_log}])
Restart: :permanent
Shutdown: :infinity
Type: :supervisor
18:33:27.592 [info] Child Logger.Backends.Internal of Supervisor Logger.Supervisor started
Pid: #PID<0.114.0>
Start Call: Logger.Backends.Internal.start_link([])
Restart: :permanent
Shutdown: :infinity
Type: :supervisor
18:33:27.592 [info] Application logger started at :nonode@nohost
18:33:28.727 [error] FATAL: Lexical is not compatible with Elixir 1.16.0

Lexical is compatible with the following versions of Elixir:

  >= 1.13.0
  >= 1.14.0
  >= 1.15.3

18:33:29.362 [info] Child {LoggerFileBackend, :general_log} of Supervisor Logger.Backends.Supervisor started
Pid: #PID<0.119.0>
Start Call: Logger.Backends.Watcher.start_link({{LoggerFileBackend, :general_log}, {LoggerFileBackend, :general_log}})
Restart: :transient
Shutdown: 5000
Type: :worker
18:33:29.362 [info] Child Logger.Backends.Supervisor of Supervisor Logger.Backends.Internal started
Pid: #PID<0.118.0>
Start Call: Logger.Backends.Supervisor.start_link([{LoggerFileBackend, :general_log}])
Restart: :permanent
Shutdown: :infinity
Type: :supervisor
18:33:29.362 [info] Child Logger.Backends.Internal of Supervisor Logger.Supervisor started
Pid: #PID<0.114.0>
Start Call: Logger.Backends.Internal.start_link([])
Restart: :permanent
Shutdown: :infinity
Type: :supervisor
18:33:29.363 [info] Application logger started at :nonode@nohost
18:33:30.469 [error] FATAL: Lexical is not compatible with Elixir 1.16.0

Lexical is compatible with the following versions of Elixir:

  >= 1.13.0
  >= 1.14.0
  >= 1.15.3

18:33:31.090 [info] Child {LoggerFileBackend, :general_log} of Supervisor Logger.Backends.Supervisor started
Pid: #PID<0.119.0>
Start Call: Logger.Backends.Watcher.start_link({{LoggerFileBackend, :general_log}, {LoggerFileBackend, :general_log}})
Restart: :transient
Shutdown: 5000
Type: :worker
18:33:31.090 [info] Child Logger.Backends.Supervisor of Supervisor Logger.Backends.Internal started
Pid: #PID<0.118.0>
Start Call: Logger.Backends.Supervisor.start_link([{LoggerFileBackend, :general_log}])
Restart: :permanent
Shutdown: :infinity
Type: :supervisor
18:33:31.090 [info] Child Logger.Backends.Internal of Supervisor Logger.Supervisor started
Pid: #PID<0.114.0>
Start Call: Logger.Backends.Internal.start_link([])
Restart: :permanent
Shutdown: :infinity
Type: :supervisor
18:33:31.091 [info] Application logger started at :nonode@nohost
18:33:32.230 [error] FATAL: Lexical is not compatible with Elixir 1.16.0

Lexical is compatible with the following versions of Elixir:

  >= 1.13.0
  >= 1.14.0
  >= 1.15.3

10:30:56.474 [info] Child {LoggerFileBackend, :general_log} of Supervisor Logger.Backends.Supervisor started
Pid: #PID<0.119.0>
Start Call: Logger.Backends.Watcher.start_link({{LoggerFileBackend, :general_log}, {LoggerFileBackend, :general_log}})
Restart: :transient
Shutdown: 5000
Type: :worker
10:30:56.474 [info] Child Logger.Backends.Supervisor of Supervisor Logger.Backends.Internal started
Pid: #PID<0.118.0>
Start Call: Logger.Backends.Supervisor.start_link([{LoggerFileBackend, :general_log}])
Restart: :permanent
Shutdown: :infinity
Type: :supervisor
10:30:56.474 [info] Child Logger.Backends.Internal of Supervisor Logger.Supervisor started
Pid: #PID<0.114.0>
Start Call: Logger.Backends.Internal.start_link([])
Restart: :permanent
Shutdown: :infinity
Type: :supervisor
10:30:56.474 [info] Application logger started at :nonode@nohost
10:30:57.867 [error] FATAL: Lexical is not compatible with Elixir 1.16.0

Lexical is compatible with the following versions of Elixir:

  >= 1.13.0
  >= 1.14.0
  >= 1.15.3

10:30:58.509 [info] Child {LoggerFileBackend, :general_log} of Supervisor Logger.Backends.Supervisor started
Pid: #PID<0.119.0>
Start Call: Logger.Backends.Watcher.start_link({{LoggerFileBackend, :general_log}, {LoggerFileBackend, :general_log}})
Restart: :transient
Shutdown: 5000
Type: :worker
10:30:58.509 [info] Child Logger.Backends.Supervisor of Supervisor Logger.Backends.Internal started
Pid: #PID<0.118.0>
Start Call: Logger.Backends.Supervisor.start_link([{LoggerFileBackend, :general_log}])
Restart: :permanent
Shutdown: :infinity
Type: :supervisor
10:30:58.509 [info] Child Logger.Backends.Internal of Supervisor Logger.Supervisor started
Pid: #PID<0.114.0>
Start Call: Logger.Backends.Internal.start_link([])
Restart: :permanent
Shutdown: :infinity
Type: :supervisor
10:30:58.509 [info] Application logger started at :nonode@nohost
10:30:59.702 [error] FATAL: Lexical is not compatible with Elixir 1.16.0

Lexical is compatible with the following versions of Elixir:

  >= 1.13.0
  >= 1.14.0
  >= 1.15.3

10:31:00.318 [info] Child {LoggerFileBackend, :general_log} of Supervisor Logger.Backends.Supervisor started
Pid: #PID<0.119.0>
Start Call: Logger.Backends.Watcher.start_link({{LoggerFileBackend, :general_log}, {LoggerFileBackend, :general_log}})
Restart: :transient
Shutdown: 5000
Type: :worker
10:31:00.318 [info] Child Logger.Backends.Supervisor of Supervisor Logger.Backends.Internal started
Pid: #PID<0.118.0>
Start Call: Logger.Backends.Supervisor.start_link([{LoggerFileBackend, :general_log}])
Restart: :permanent
Shutdown: :infinity
Type: :supervisor
10:31:00.319 [info] Child Logger.Backends.Internal of Supervisor Logger.Supervisor started
Pid: #PID<0.114.0>
Start Call: Logger.Backends.Internal.start_link([])
Restart: :permanent
Shutdown: :infinity
Type: :supervisor
10:31:00.319 [info] Application logger started at :nonode@nohost
10:31:01.446 [error] FATAL: Lexical is not compatible with Elixir 1.16.0

Lexical is compatible with the following versions of Elixir:

  >= 1.13.0
  >= 1.14.0
  >= 1.15.3

10:31:02.084 [info] Child {LoggerFileBackend, :general_log} of Supervisor Logger.Backends.Supervisor started
Pid: #PID<0.119.0>
Start Call: Logger.Backends.Watcher.start_link({{LoggerFileBackend, :general_log}, {LoggerFileBackend, :general_log}})
Restart: :transient
Shutdown: 5000
Type: :worker
10:31:02.084 [info] Child Logger.Backends.Supervisor of Supervisor Logger.Backends.Internal started
Pid: #PID<0.118.0>
Start Call: Logger.Backends.Supervisor.start_link([{LoggerFileBackend, :general_log}])
Restart: :permanent
Shutdown: :infinity
Type: :supervisor
10:31:02.084 [info] Child Logger.Backends.Internal of Supervisor Logger.Supervisor started
Pid: #PID<0.114.0>
Start Call: Logger.Backends.Internal.start_link([])
Restart: :permanent
Shutdown: :infinity
Type: :supervisor
10:31:02.084 [info] Application logger started at :nonode@nohost
10:31:03.222 [error] FATAL: Lexical is not compatible with Elixir 1.16.0

Lexical is compatible with the following versions of Elixir:

  >= 1.13.0
  >= 1.14.0
  >= 1.15.3

10:31:03.840 [info] Child {LoggerFileBackend, :general_log} of Supervisor Logger.Backends.Supervisor started
Pid: #PID<0.119.0>
Start Call: Logger.Backends.Watcher.start_link({{LoggerFileBackend, :general_log}, {LoggerFileBackend, :general_log}})
Restart: :transient
Shutdown: 5000
Type: :worker
10:31:03.840 [info] Child Logger.Backends.Supervisor of Supervisor Logger.Backends.Internal started
Pid: #PID<0.118.0>
Start Call: Logger.Backends.Supervisor.start_link([{LoggerFileBackend, :general_log}])
Restart: :permanent
Shutdown: :infinity
Type: :supervisor
10:31:03.840 [info] Child Logger.Backends.Internal of Supervisor Logger.Supervisor started
Pid: #PID<0.114.0>
Start Call: Logger.Backends.Internal.start_link([])
Restart: :permanent
Shutdown: :infinity
Type: :supervisor
10:31:03.840 [info] Application logger started at :nonode@nohost
10:31:04.981 [error] FATAL: Lexical is not compatible with Elixir 1.16.0

Lexical is compatible with the following versions of Elixir:

  >= 1.13.0
  >= 1.14.0
  >= 1.15.3

10:34:43.766 [info] Child {LoggerFileBackend, :general_log} of Supervisor Logger.Backends.Supervisor started
Pid: #PID<0.119.0>
Start Call: Logger.Backends.Watcher.start_link({{LoggerFileBackend, :general_log}, {LoggerFileBackend, :general_log}})
Restart: :transient
Shutdown: 5000
Type: :worker
10:34:43.766 [info] Child Logger.Backends.Supervisor of Supervisor Logger.Backends.Internal started
Pid: #PID<0.118.0>
Start Call: Logger.Backends.Supervisor.start_link([{LoggerFileBackend, :general_log}])
Restart: :permanent
Shutdown: :infinity
Type: :supervisor
10:34:43.766 [info] Child Logger.Backends.Internal of Supervisor Logger.Supervisor started
Pid: #PID<0.114.0>
Start Call: Logger.Backends.Internal.start_link([])
Restart: :permanent
Shutdown: :infinity
Type: :supervisor
10:34:43.766 [info] Application logger started at :nonode@nohost
10:34:44.928 [error] FATAL: Lexical is not compatible with Elixir 1.16.0

Lexical is compatible with the following versions of Elixir:

  >= 1.13.0
  >= 1.14.0
  >= 1.15.3

10:34:45.572 [info] Child {LoggerFileBackend, :general_log} of Supervisor Logger.Backends.Supervisor started
Pid: #PID<0.119.0>
Start Call: Logger.Backends.Watcher.start_link({{LoggerFileBackend, :general_log}, {LoggerFileBackend, :general_log}})
Restart: :transient
Shutdown: 5000
Type: :worker
10:34:45.573 [info] Child Logger.Backends.Supervisor of Supervisor Logger.Backends.Internal started
Pid: #PID<0.118.0>
Start Call: Logger.Backends.Supervisor.start_link([{LoggerFileBackend, :general_log}])
Restart: :permanent
Shutdown: :infinity
Type: :supervisor
10:34:45.573 [info] Child Logger.Backends.Internal of Supervisor Logger.Supervisor started
Pid: #PID<0.114.0>
Start Call: Logger.Backends.Internal.start_link([])
Restart: :permanent
Shutdown: :infinity
Type: :supervisor
10:34:45.573 [info] Application logger started at :nonode@nohost
10:34:46.743 [error] FATAL: Lexical is not compatible with Elixir 1.16.0

Lexical is compatible with the following versions of Elixir:

  >= 1.13.0
  >= 1.14.0
  >= 1.15.3

10:34:47.417 [info] Child {LoggerFileBackend, :general_log} of Supervisor Logger.Backends.Supervisor started
Pid: #PID<0.119.0>
Start Call: Logger.Backends.Watcher.start_link({{LoggerFileBackend, :general_log}, {LoggerFileBackend, :general_log}})
Restart: :transient
Shutdown: 5000
Type: :worker
10:34:47.417 [info] Child Logger.Backends.Supervisor of Supervisor Logger.Backends.Internal started
Pid: #PID<0.118.0>
Start Call: Logger.Backends.Supervisor.start_link([{LoggerFileBackend, :general_log}])
Restart: :permanent
Shutdown: :infinity
Type: :supervisor
10:34:47.417 [info] Child Logger.Backends.Internal of Supervisor Logger.Supervisor started
Pid: #PID<0.114.0>
Start Call: Logger.Backends.Internal.start_link([])
Restart: :permanent
Shutdown: :infinity
Type: :supervisor
10:34:47.417 [info] Application logger started at :nonode@nohost
10:34:48.577 [error] FATAL: Lexical is not compatible with Elixir 1.16.0

Lexical is compatible with the following versions of Elixir:

  >= 1.13.0
  >= 1.14.0
  >= 1.15.3

10:34:49.208 [info] Child {LoggerFileBackend, :general_log} of Supervisor Logger.Backends.Supervisor started
Pid: #PID<0.119.0>
Start Call: Logger.Backends.Watcher.start_link({{LoggerFileBackend, :general_log}, {LoggerFileBackend, :general_log}})
Restart: :transient
Shutdown: 5000
Type: :worker
10:34:49.208 [info] Child Logger.Backends.Supervisor of Supervisor Logger.Backends.Internal started
Pid: #PID<0.118.0>
Start Call: Logger.Backends.Supervisor.start_link([{LoggerFileBackend, :general_log}])
Restart: :permanent
Shutdown: :infinity
Type: :supervisor
10:34:49.208 [info] Child Logger.Backends.Internal of Supervisor Logger.Supervisor started
Pid: #PID<0.114.0>
Start Call: Logger.Backends.Internal.start_link([])
Restart: :permanent
Shutdown: :infinity
Type: :supervisor
10:34:49.208 [info] Application logger started at :nonode@nohost
10:34:50.316 [error] FATAL: Lexical is not compatible with Elixir 1.16.0

Lexical is compatible with the following versions of Elixir:

  >= 1.13.0
  >= 1.14.0
  >= 1.15.3

10:34:50.942 [info] Child {LoggerFileBackend, :general_log} of Supervisor Logger.Backends.Supervisor started
Pid: #PID<0.119.0>
Start Call: Logger.Backends.Watcher.start_link({{LoggerFileBackend, :general_log}, {LoggerFileBackend, :general_log}})
Restart: :transient
Shutdown: 5000
Type: :worker
10:34:50.942 [info] Child Logger.Backends.Supervisor of Supervisor Logger.Backends.Internal started
Pid: #PID<0.118.0>
Start Call: Logger.Backends.Supervisor.start_link([{LoggerFileBackend, :general_log}])
Restart: :permanent
Shutdown: :infinity
Type: :supervisor
10:34:50.942 [info] Child Logger.Backends.Internal of Supervisor Logger.Supervisor started
Pid: #PID<0.114.0>
Start Call: Logger.Backends.Internal.start_link([])
Restart: :permanent
Shutdown: :infinity
Type: :supervisor
10:34:50.942 [info] Application logger started at :nonode@nohost
10:34:52.067 [error] FATAL: Lexical is not compatible with Elixir 1.16.0

Lexical is compatible with the following versions of Elixir:

  >= 1.13.0
  >= 1.14.0
  >= 1.15.3

11:49:49.589 [info] Child {LoggerFileBackend, :general_log} of Supervisor Logger.Backends.Supervisor started
Pid: #PID<0.119.0>
Start Call: Logger.Backends.Watcher.start_link({{LoggerFileBackend, :general_log}, {LoggerFileBackend, :general_log}})
Restart: :transient
Shutdown: 5000
Type: :worker
11:49:49.589 [info] Child Logger.Backends.Supervisor of Supervisor Logger.Backends.Internal started
Pid: #PID<0.118.0>
Start Call: Logger.Backends.Supervisor.start_link([{LoggerFileBackend, :general_log}])
Restart: :permanent
Shutdown: :infinity
Type: :supervisor
11:49:49.589 [info] Child Logger.Backends.Internal of Supervisor Logger.Supervisor started
Pid: #PID<0.114.0>
Start Call: Logger.Backends.Internal.start_link([])
Restart: :permanent
Shutdown: :infinity
Type: :supervisor
11:49:49.590 [info] Application logger started at :nonode@nohost
11:49:50.778 [error] FATAL: Lexical is not compatible with Elixir 1.16.0

Lexical is compatible with the following versions of Elixir:

  >= 1.13.0
  >= 1.14.0
  >= 1.15.3

11:49:51.423 [info] Child {LoggerFileBackend, :general_log} of Supervisor Logger.Backends.Supervisor started
Pid: #PID<0.119.0>
Start Call: Logger.Backends.Watcher.start_link({{LoggerFileBackend, :general_log}, {LoggerFileBackend, :general_log}})
Restart: :transient
Shutdown: 5000
Type: :worker
11:49:51.423 [info] Child Logger.Backends.Supervisor of Supervisor Logger.Backends.Internal started
Pid: #PID<0.118.0>
Start Call: Logger.Backends.Supervisor.start_link([{LoggerFileBackend, :general_log}])
Restart: :permanent
Shutdown: :infinity
Type: :supervisor
11:49:51.423 [info] Child Logger.Backends.Internal of Supervisor Logger.Supervisor started
Pid: #PID<0.114.0>
Start Call: Logger.Backends.Internal.start_link([])
Restart: :permanent
Shutdown: :infinity
Type: :supervisor
11:49:51.424 [info] Application logger started at :nonode@nohost
11:49:52.532 [error] FATAL: Lexical is not compatible with Elixir 1.16.0

Lexical is compatible with the following versions of Elixir:

  >= 1.13.0
  >= 1.14.0
  >= 1.15.3

11:49:53.158 [info] Child {LoggerFileBackend, :general_log} of Supervisor Logger.Backends.Supervisor started
Pid: #PID<0.119.0>
Start Call: Logger.Backends.Watcher.start_link({{LoggerFileBackend, :general_log}, {LoggerFileBackend, :general_log}})
Restart: :transient
Shutdown: 5000
Type: :worker
11:49:53.158 [info] Child Logger.Backends.Supervisor of Supervisor Logger.Backends.Internal started
Pid: #PID<0.118.0>
Start Call: Logger.Backends.Supervisor.start_link([{LoggerFileBackend, :general_log}])
Restart: :permanent
Shutdown: :infinity
Type: :supervisor
11:49:53.158 [info] Child Logger.Backends.Internal of Supervisor Logger.Supervisor started
Pid: #PID<0.114.0>
Start Call: Logger.Backends.Internal.start_link([])
Restart: :permanent
Shutdown: :infinity
Type: :supervisor
11:49:53.158 [info] Application logger started at :nonode@nohost
11:49:54.325 [error] FATAL: Lexical is not compatible with Elixir 1.16.0

Lexical is compatible with the following versions of Elixir:

  >= 1.13.0
  >= 1.14.0
  >= 1.15.3

11:49:54.969 [info] Child {LoggerFileBackend, :general_log} of Supervisor Logger.Backends.Supervisor started
Pid: #PID<0.119.0>
Start Call: Logger.Backends.Watcher.start_link({{LoggerFileBackend, :general_log}, {LoggerFileBackend, :general_log}})
Restart: :transient
Shutdown: 5000
Type: :worker
11:49:54.969 [info] Child Logger.Backends.Supervisor of Supervisor Logger.Backends.Internal started
Pid: #PID<0.118.0>
Start Call: Logger.Backends.Supervisor.start_link([{LoggerFileBackend, :general_log}])
Restart: :permanent
Shutdown: :infinity
Type: :supervisor
11:49:54.970 [info] Child Logger.Backends.Internal of Supervisor Logger.Supervisor started
Pid: #PID<0.114.0>
Start Call: Logger.Backends.Internal.start_link([])
Restart: :permanent
Shutdown: :infinity
Type: :supervisor
11:49:54.970 [info] Application logger started at :nonode@nohost
11:49:56.126 [error] FATAL: Lexical is not compatible with Elixir 1.16.0

Lexical is compatible with the following versions of Elixir:

  >= 1.13.0
  >= 1.14.0
  >= 1.15.3

11:49:56.761 [info] Child {LoggerFileBackend, :general_log} of Supervisor Logger.Backends.Supervisor started
Pid: #PID<0.119.0>
Start Call: Logger.Backends.Watcher.start_link({{LoggerFileBackend, :general_log}, {LoggerFileBackend, :general_log}})
Restart: :transient
Shutdown: 5000
Type: :worker
11:49:56.761 [info] Child Logger.Backends.Supervisor of Supervisor Logger.Backends.Internal started
Pid: #PID<0.118.0>
Start Call: Logger.Backends.Supervisor.start_link([{LoggerFileBackend, :general_log}])
Restart: :permanent
Shutdown: :infinity
Type: :supervisor
11:49:56.761 [info] Child Logger.Backends.Internal of Supervisor Logger.Supervisor started
Pid: #PID<0.114.0>
Start Call: Logger.Backends.Internal.start_link([])
Restart: :permanent
Shutdown: :infinity
Type: :supervisor
11:49:56.761 [info] Application logger started at :nonode@nohost
11:49:57.907 [error] FATAL: Lexical is not compatible with Elixir 1.16.0

Lexical is compatible with the following versions of Elixir:

  >= 1.13.0
  >= 1.14.0
  >= 1.15.3

11:21:41.872 [info] Child {LoggerFileBackend, :general_log} of Supervisor Logger.Backends.Supervisor started
Pid: #PID<0.119.0>
Start Call: Logger.Backends.Watcher.start_link({{LoggerFileBackend, :general_log}, {LoggerFileBackend, :general_log}})
Restart: :transient
Shutdown: 5000
Type: :worker
11:21:41.873 [info] Child Logger.Backends.Supervisor of Supervisor Logger.Backends.Internal started
Pid: #PID<0.118.0>
Start Call: Logger.Backends.Supervisor.start_link([{LoggerFileBackend, :general_log}])
Restart: :permanent
Shutdown: :infinity
Type: :supervisor
11:21:41.873 [info] Child Logger.Backends.Internal of Supervisor Logger.Supervisor started
Pid: #PID<0.114.0>
Start Call: Logger.Backends.Internal.start_link([])
Restart: :permanent
Shutdown: :infinity
Type: :supervisor
11:21:41.873 [info] Application logger started at :nonode@nohost
11:21:43.052 [error] FATAL: Lexical is not compatible with Elixir 1.16.0

Lexical is compatible with the following versions of Elixir:

  >= 1.13.0
  >= 1.14.0
  >= 1.15.3

11:21:43.697 [info] Child {LoggerFileBackend, :general_log} of Supervisor Logger.Backends.Supervisor started
Pid: #PID<0.119.0>
Start Call: Logger.Backends.Watcher.start_link({{LoggerFileBackend, :general_log}, {LoggerFileBackend, :general_log}})
Restart: :transient
Shutdown: 5000
Type: :worker
11:21:43.697 [info] Child Logger.Backends.Supervisor of Supervisor Logger.Backends.Internal started
Pid: #PID<0.118.0>
Start Call: Logger.Backends.Supervisor.start_link([{LoggerFileBackend, :general_log}])
Restart: :permanent
Shutdown: :infinity
Type: :supervisor
11:21:43.697 [info] Child Logger.Backends.Internal of Supervisor Logger.Supervisor started
Pid: #PID<0.114.0>
Start Call: Logger.Backends.Internal.start_link([])
Restart: :permanent
Shutdown: :infinity
Type: :supervisor
11:21:43.697 [info] Application logger started at :nonode@nohost
11:21:44.844 [error] FATAL: Lexical is not compatible with Elixir 1.16.0

Lexical is compatible with the following versions of Elixir:

  >= 1.13.0
  >= 1.14.0
  >= 1.15.3

11:21:45.480 [info] Child {LoggerFileBackend, :general_log} of Supervisor Logger.Backends.Supervisor started
Pid: #PID<0.119.0>
Start Call: Logger.Backends.Watcher.start_link({{LoggerFileBackend, :general_log}, {LoggerFileBackend, :general_log}})
Restart: :transient
Shutdown: 5000
Type: :worker
11:21:45.480 [info] Child Logger.Backends.Supervisor of Supervisor Logger.Backends.Internal started
Pid: #PID<0.118.0>
Start Call: Logger.Backends.Supervisor.start_link([{LoggerFileBackend, :general_log}])
Restart: :permanent
Shutdown: :infinity
Type: :supervisor
11:21:45.480 [info] Child Logger.Backends.Internal of Supervisor Logger.Supervisor started
Pid: #PID<0.114.0>
Start Call: Logger.Backends.Internal.start_link([])
Restart: :permanent
Shutdown: :infinity
Type: :supervisor
11:21:45.480 [info] Application logger started at :nonode@nohost
11:21:46.651 [error] FATAL: Lexical is not compatible with Elixir 1.16.0

Lexical is compatible with the following versions of Elixir:

  >= 1.13.0
  >= 1.14.0
  >= 1.15.3

11:21:47.287 [info] Child {LoggerFileBackend, :general_log} of Supervisor Logger.Backends.Supervisor started
Pid: #PID<0.119.0>
Start Call: Logger.Backends.Watcher.start_link({{LoggerFileBackend, :general_log}, {LoggerFileBackend, :general_log}})
Restart: :transient
Shutdown: 5000
Type: :worker
11:21:47.287 [info] Child Logger.Backends.Supervisor of Supervisor Logger.Backends.Internal started
Pid: #PID<0.118.0>
Start Call: Logger.Backends.Supervisor.start_link([{LoggerFileBackend, :general_log}])
Restart: :permanent
Shutdown: :infinity
Type: :supervisor
11:21:47.287 [info] Child Logger.Backends.Internal of Supervisor Logger.Supervisor started
Pid: #PID<0.114.0>
Start Call: Logger.Backends.Internal.start_link([])
Restart: :permanent
Shutdown: :infinity
Type: :supervisor
11:21:47.287 [info] Application logger started at :nonode@nohost
11:21:48.421 [error] FATAL: Lexical is not compatible with Elixir 1.16.0

Lexical is compatible with the following versions of Elixir:

  >= 1.13.0
  >= 1.14.0
  >= 1.15.3

11:21:49.049 [info] Child {LoggerFileBackend, :general_log} of Supervisor Logger.Backends.Supervisor started
Pid: #PID<0.119.0>
Start Call: Logger.Backends.Watcher.start_link({{LoggerFileBackend, :general_log}, {LoggerFileBackend, :general_log}})
Restart: :transient
Shutdown: 5000
Type: :worker
11:21:49.049 [info] Child Logger.Backends.Supervisor of Supervisor Logger.Backends.Internal started
Pid: #PID<0.118.0>
Start Call: Logger.Backends.Supervisor.start_link([{LoggerFileBackend, :general_log}])
Restart: :permanent
Shutdown: :infinity
Type: :supervisor
11:21:49.049 [info] Child Logger.Backends.Internal of Supervisor Logger.Supervisor started
Pid: #PID<0.114.0>
Start Call: Logger.Backends.Internal.start_link([])
Restart: :permanent
Shutdown: :infinity
Type: :supervisor
11:21:49.049 [info] Application logger started at :nonode@nohost
11:21:50.188 [error] FATAL: Lexical is not compatible with Elixir 1.16.0

Lexical is compatible with the following versions of Elixir:

  >= 1.13.0
  >= 1.14.0
  >= 1.15.3

